<?xml version="1.0" encoding="UTF-8"?>
<!-- Generated by org.testng.reporters.JUnitReportReporter -->
<testsuite skipped="0" hostname="DESKTOP-AT125D0" name="com.maf.tests.AutomateIOTest" tests="2" failures="0" timestamp="2020-07-07T20:42:13 IST" time="75.799" errors="0">
  <testcase name="PerformTask1" time="48.348" classname="com.maf.tests.AutomateIOTest"/>
  <system-out>
<b>Verify login success<br> <b>Verify Gmail App is authenticated<br> <b>Verify the bot activation text<br> <b>Verify the bot activation Im Done<br> <b>Verify the bot activation text<br> ************** PerformTask1 ENDS **************  </system-out>
  <testcase name="PerformTask2" time="27.451" classname="com.maf.tests.AutomateIOTest"/>
  <system-out>
<b>Verify Server Response Code<br> <b>Verify the OrganizationId<br> <b>Verify Server Response Code<br> <b>Verify Server Response Code<br> <b>Verify the OrganizationId<br> <b>Verify Server Response Code<br> <b>Verify the OrganizationId<br> ************** PerformTask2 ENDS **************  </system-out>
</testsuite> <!-- com.maf.tests.AutomateIOTest -->
