<?xml version="1.0" encoding="UTF-8"?>
<!-- Generated by org.testng.reporters.JUnitReportReporter -->
<testsuite skipped="0" hostname="DESKTOP-AT125D0" name="com.maf.tests.AutomateIOTest" tests="1" failures="0" timestamp="02 Jul 2020 07:58:15 GMT" time="42.877" errors="0">
  <testcase name="PerformTask1" time="42.877" classname="com.maf.tests.AutomateIOTest"/>
</testsuite> <!-- com.maf.tests.AutomateIOTest -->
